\BOOKMARK [0][-]{chapter*.2}{Abk\374rzungsverzeichnis}{}% 1
\BOOKMARK [0][-]{chapter*.2}{Abbildungsverzeichnis}{}% 2
\BOOKMARK [0][-]{chapter*.2}{Formelverzeichnis}{}% 3
\BOOKMARK [0][-]{chapter*.3}{Listenverzeichnis}{}% 4
\BOOKMARK [0][-]{chapter.0}{Vorwort}{}% 5
\BOOKMARK [0][-]{chapter.1}{Einf\374hrung}{}% 6
\BOOKMARK [1][-]{section.1.1}{Forschungsumfeld}{chapter.1}% 7
\BOOKMARK [1][-]{section.1.2}{Problemstellung und Motivation}{chapter.1}% 8
\BOOKMARK [1][-]{section.1.3}{Vorgehensweise und Zielsetzung}{chapter.1}% 9
\BOOKMARK [0][-]{chapter.2}{Grundlagen und Forschungsstand}{}% 10
\BOOKMARK [1][-]{section.2.1}{Deep Learning zur Bildverarbeitung}{chapter.2}% 11
\BOOKMARK [1][-]{section.2.2}{Neuronale Netze}{chapter.2}% 12
\BOOKMARK [1][-]{section.2.3}{Hyperparameter}{chapter.2}% 13
\BOOKMARK [1][-]{section.2.4}{Datensatzlehre}{chapter.2}% 14
\BOOKMARK [1][-]{section.2.5}{Grundlagen zu Objektdetektoren}{chapter.2}% 15
\BOOKMARK [1][-]{section.2.6}{Objektdetektoren}{chapter.2}% 16
\BOOKMARK [1][-]{section.2.7}{Datensatzformate}{chapter.2}% 17
\BOOKMARK [1][-]{section.2.8}{Cloud Infrastruktur}{chapter.2}% 18
\BOOKMARK [0][-]{chapter.3}{Konzeption}{}% 19
\BOOKMARK [1][-]{section.3.1}{Erstellen eines Trainingsdatensatzes}{chapter.3}% 20
\BOOKMARK [1][-]{section.3.2}{Einf\374hren von Bewertungskriterien}{chapter.3}% 21
\BOOKMARK [1][-]{section.3.3}{Auswahl der Objektdetektoren}{chapter.3}% 22
\BOOKMARK [1][-]{section.3.4}{Auswahl der Trainingsinfrastruktur}{chapter.3}% 23
\BOOKMARK [1][-]{section.3.5}{Auswahl einer Drohne}{chapter.3}% 24
\BOOKMARK [1][-]{section.3.6}{Spezifikation der Inventursoftware}{chapter.3}% 25
\BOOKMARK [0][-]{chapter.4}{Realisierung}{}% 26
\BOOKMARK [1][-]{section.4.1}{Trainieren der Objektdetektoren}{chapter.4}% 27
\BOOKMARK [1][-]{section.4.2}{Drohnen Anbindung}{chapter.4}% 28
\BOOKMARK [1][-]{section.4.3}{Dashboard Entwicklung}{chapter.4}% 29
\BOOKMARK [0][-]{chapter.5}{Ergebnisse}{}% 30
\BOOKMARK [0][-]{chapter.6}{Bewertung}{}% 31
\BOOKMARK [0][-]{chapter.7}{Zusammenfassung und Ausblick}{}% 32
\BOOKMARK [0][-]{chapter*.32}{Literaturverzeichnis}{}% 33
\BOOKMARK [0][-]{appendix.A}{Anhang}{}% 34
